{"D:\\real-time-leaderboard\\src\\config\\env.js": {"path":"D:\\real-time-leaderboard\\src\\config\\env.js","statementMap":{"0":{"start":{"line":1,"column":0},"end":{"line":1,"column":27}},"1":{"start":{"line":3,"column":0},"end":{"line":18,"column":2}}},"fnMap":{},"branchMap":{"0":{"loc":{"start":{"line":4,"column":17},"end":{"line":4,"column":43}},"type":"binary-expr","locations":[{"start":{"line":4,"column":17},"end":{"line":4,"column":33}},{"start":{"line":4,"column":37},"end":{"line":4,"column":43}}],"line":4},"1":{"loc":{"start":{"line":5,"column":12},"end":{"line":5,"column":49}},"type":"binary-expr","locations":[{"start":{"line":5,"column":12},"end":{"line":5,"column":32}},{"start":{"line":5,"column":36},"end":{"line":5,"column":49}}],"line":5},"2":{"loc":{"start":{"line":6,"column":14},"end":{"line":6,"column":51}},"type":"binary-expr","locations":[{"start":{"line":6,"column":14},"end":{"line":6,"column":36}},{"start":{"line":6,"column":40},"end":{"line":6,"column":51}}],"line":6},"3":{"loc":{"start":{"line":7,"column":23},"end":{"line":7,"column":55}},"type":"binary-expr","locations":[{"start":{"line":7,"column":23},"end":{"line":7,"column":45}},{"start":{"line":7,"column":49},"end":{"line":7,"column":55}}],"line":7},"4":{"loc":{"start":{"line":8,"column":18},"end":{"line":8,"column":50}},"type":"binary-expr","locations":[{"start":{"line":8,"column":18},"end":{"line":8,"column":44}},{"start":{"line":8,"column":48},"end":{"line":8,"column":50}}],"line":8},"5":{"loc":{"start":{"line":9,"column":21},"end":{"line":9,"column":48}},"type":"binary-expr","locations":[{"start":{"line":9,"column":21},"end":{"line":9,"column":41}},{"start":{"line":9,"column":45},"end":{"line":9,"column":48}}],"line":9},"6":{"loc":{"start":{"line":10,"column":13},"end":{"line":10,"column":77}},"type":"binary-expr","locations":[{"start":{"line":10,"column":13},"end":{"line":10,"column":34}},{"start":{"line":10,"column":38},"end":{"line":10,"column":77}}],"line":10},"7":{"loc":{"start":{"line":11,"column":17},"end":{"line":11,"column":59}},"type":"binary-expr","locations":[{"start":{"line":11,"column":17},"end":{"line":11,"column":42}},{"start":{"line":11,"column":46},"end":{"line":11,"column":59}}],"line":11},"8":{"loc":{"start":{"line":12,"column":20},"end":{"line":12,"column":60}},"type":"binary-expr","locations":[{"start":{"line":12,"column":20},"end":{"line":12,"column":48}},{"start":{"line":12,"column":52},"end":{"line":12,"column":60}}],"line":12},"9":{"loc":{"start":{"line":13,"column":30},"end":{"line":13,"column":69}},"type":"binary-expr","locations":[{"start":{"line":13,"column":30},"end":{"line":13,"column":59}},{"start":{"line":13,"column":63},"end":{"line":13,"column":69}}],"line":13},"10":{"loc":{"start":{"line":14,"column":23},"end":{"line":14,"column":54}},"type":"binary-expr","locations":[{"start":{"line":14,"column":23},"end":{"line":14,"column":45}},{"start":{"line":14,"column":49},"end":{"line":14,"column":54}}],"line":14},"11":{"loc":{"start":{"line":15,"column":30},"end":{"line":15,"column":68}},"type":"binary-expr","locations":[{"start":{"line":15,"column":30},"end":{"line":15,"column":59}},{"start":{"line":15,"column":63},"end":{"line":15,"column":68}}],"line":15},"12":{"loc":{"start":{"line":17,"column":20},"end":{"line":17,"column":63}},"type":"binary-expr","locations":[{"start":{"line":17,"column":20},"end":{"line":17,"column":48}},{"start":{"line":17,"column":52},"end":{"line":17,"column":63}}],"line":17}},"s":{"0":1,"1":1},"f":{},"b":{"0":[1,0],"1":[1,0],"2":[1,0],"3":[1,0],"4":[1,1],"5":[1,0],"6":[1,0],"7":[1,0],"8":[1,0],"9":[1,0],"10":[1,0],"11":[1,0],"12":[1,0]},"_coverageSchema":"1a1c01bbd47fc00a2c39e90264f33305004495a9","hash":"deb9c615a00825b41578898aa48f3c9b10604333"}
,"D:\\real-time-leaderboard\\src\\config\\mongo.js": {"path":"D:\\real-time-leaderboard\\src\\config\\mongo.js","statementMap":{"0":{"start":{"line":1,"column":24},"end":{"line":1,"column":42}},"1":{"start":{"line":2,"column":15},"end":{"line":2,"column":31}},"2":{"start":{"line":4,"column":18},"end":{"line":4,"column":22}},"3":{"start":{"line":5,"column":9},"end":{"line":5,"column":13}},"4":{"start":{"line":6,"column":23},"end":{"line":6,"column":27}},"5":{"start":{"line":9,"column":2},"end":{"line":9,"column":87}},"6":{"start":{"line":10,"column":2},"end":{"line":10,"column":30}},"7":{"start":{"line":11,"column":2},"end":{"line":11,"column":44}},"8":{"start":{"line":12,"column":2},"end":{"line":12,"column":60}},"9":{"start":{"line":14,"column":2},"end":{"line":14,"column":88}},"10":{"start":{"line":15,"column":2},"end":{"line":15,"column":70}},"11":{"start":{"line":16,"column":2},"end":{"line":16,"column":55}},"12":{"start":{"line":18,"column":2},"end":{"line":18,"column":47}},"13":{"start":{"line":22,"column":2},"end":{"line":22,"column":91}},"14":{"start":{"line":22,"column":20},"end":{"line":22,"column":91}},"15":{"start":{"line":23,"column":2},"end":{"line":23,"column":21}},"16":{"start":{"line":27,"column":2},"end":{"line":27,"column":82}},"17":{"start":{"line":27,"column":11},"end":{"line":27,"column":82}},"18":{"start":{"line":28,"column":2},"end":{"line":28,"column":12}},"19":{"start":{"line":32,"column":2},"end":{"line":32,"column":96}},"20":{"start":{"line":32,"column":25},"end":{"line":32,"column":96}},"21":{"start":{"line":33,"column":2},"end":{"line":33,"column":26}},"22":{"start":{"line":36,"column":0},"end":{"line":36,"column":78}}},"fnMap":{"0":{"name":"connectMongo","decl":{"start":{"line":8,"column":15},"end":{"line":8,"column":27}},"loc":{"start":{"line":8,"column":30},"end":{"line":19,"column":1}},"line":8},"1":{"name":"getMongoClient","decl":{"start":{"line":21,"column":9},"end":{"line":21,"column":23}},"loc":{"start":{"line":21,"column":26},"end":{"line":24,"column":1}},"line":21},"2":{"name":"getDb","decl":{"start":{"line":26,"column":9},"end":{"line":26,"column":14}},"loc":{"start":{"line":26,"column":17},"end":{"line":29,"column":1}},"line":26},"3":{"name":"getScoresCollection","decl":{"start":{"line":31,"column":9},"end":{"line":31,"column":28}},"loc":{"start":{"line":31,"column":31},"end":{"line":34,"column":1}},"line":31}},"branchMap":{"0":{"loc":{"start":{"line":22,"column":2},"end":{"line":22,"column":91}},"type":"if","locations":[{"start":{"line":22,"column":2},"end":{"line":22,"column":91}},{"start":{},"end":{}}],"line":22},"1":{"loc":{"start":{"line":27,"column":2},"end":{"line":27,"column":82}},"type":"if","locations":[{"start":{"line":27,"column":2},"end":{"line":27,"column":82}},{"start":{},"end":{}}],"line":27},"2":{"loc":{"start":{"line":32,"column":2},"end":{"line":32,"column":96}},"type":"if","locations":[{"start":{"line":32,"column":2},"end":{"line":32,"column":96}},{"start":{},"end":{}}],"line":32}},"s":{"0":1,"1":1,"2":1,"3":1,"4":1,"5":0,"6":0,"7":0,"8":0,"9":0,"10":0,"11":0,"12":0,"13":0,"14":0,"15":0,"16":0,"17":0,"18":0,"19":0,"20":0,"21":0,"22":1},"f":{"0":0,"1":0,"2":0,"3":0},"b":{"0":[0,0],"1":[0,0],"2":[0,0]},"_coverageSchema":"1a1c01bbd47fc00a2c39e90264f33305004495a9","hash":"e2c49a1f0f7882c8ad037961b060f9032b12f121"}
,"D:\\real-time-leaderboard\\src\\config\\redis.js": {"path":"D:\\real-time-leaderboard\\src\\config\\redis.js","statementMap":{"0":{"start":{"line":1,"column":14},"end":{"line":1,"column":32}},"1":{"start":{"line":2,"column":15},"end":{"line":2,"column":31}},"2":{"start":{"line":4,"column":18},"end":{"line":4,"column":22}},"3":{"start":{"line":5,"column":21},"end":{"line":5,"column":25}},"4":{"start":{"line":6,"column":21},"end":{"line":6,"column":25}},"5":{"start":{"line":9,"column":2},"end":{"line":18,"column":5}},"6":{"start":{"line":15,"column":20},"end":{"line":15,"column":46}},"7":{"start":{"line":16,"column":6},"end":{"line":16,"column":19}},"8":{"start":{"line":22,"column":2},"end":{"line":22,"column":36}},"9":{"start":{"line":23,"column":2},"end":{"line":23,"column":39}},"10":{"start":{"line":24,"column":2},"end":{"line":24,"column":39}},"11":{"start":{"line":26,"column":2},"end":{"line":26,"column":78}},"12":{"start":{"line":26,"column":35},"end":{"line":26,"column":76}},"13":{"start":{"line":27,"column":2},"end":{"line":27,"column":78}},"14":{"start":{"line":27,"column":38},"end":{"line":27,"column":76}},"15":{"start":{"line":28,"column":2},"end":{"line":28,"column":78}},"16":{"start":{"line":28,"column":38},"end":{"line":28,"column":76}},"17":{"start":{"line":30,"column":2},"end":{"line":30,"column":27}},"18":{"start":{"line":31,"column":2},"end":{"line":31,"column":30}},"19":{"start":{"line":32,"column":2},"end":{"line":32,"column":30}},"20":{"start":{"line":34,"column":2},"end":{"line":34,"column":57}},"21":{"start":{"line":38,"column":2},"end":{"line":38,"column":89}},"22":{"start":{"line":38,"column":20},"end":{"line":38,"column":89}},"23":{"start":{"line":39,"column":2},"end":{"line":39,"column":21}},"24":{"start":{"line":43,"column":2},"end":{"line":43,"column":96}},"25":{"start":{"line":43,"column":23},"end":{"line":43,"column":96}},"26":{"start":{"line":44,"column":2},"end":{"line":44,"column":24}},"27":{"start":{"line":48,"column":2},"end":{"line":48,"column":96}},"28":{"start":{"line":48,"column":23},"end":{"line":48,"column":96}},"29":{"start":{"line":49,"column":2},"end":{"line":49,"column":24}},"30":{"start":{"line":52,"column":0},"end":{"line":52,"column":88}}},"fnMap":{"0":{"name":"createRedisClient","decl":{"start":{"line":8,"column":9},"end":{"line":8,"column":26}},"loc":{"start":{"line":8,"column":29},"end":{"line":19,"column":1}},"line":8},"1":{"name":"(anonymous_1)","decl":{"start":{"line":14,"column":4},"end":{"line":14,"column":5}},"loc":{"start":{"line":14,"column":25},"end":{"line":17,"column":5}},"line":14},"2":{"name":"connectRedis","decl":{"start":{"line":21,"column":15},"end":{"line":21,"column":27}},"loc":{"start":{"line":21,"column":30},"end":{"line":35,"column":1}},"line":21},"3":{"name":"(anonymous_3)","decl":{"start":{"line":26,"column":26},"end":{"line":26,"column":27}},"loc":{"start":{"line":26,"column":35},"end":{"line":26,"column":76}},"line":26},"4":{"name":"(anonymous_4)","decl":{"start":{"line":27,"column":29},"end":{"line":27,"column":30}},"loc":{"start":{"line":27,"column":38},"end":{"line":27,"column":76}},"line":27},"5":{"name":"(anonymous_5)","decl":{"start":{"line":28,"column":29},"end":{"line":28,"column":30}},"loc":{"start":{"line":28,"column":38},"end":{"line":28,"column":76}},"line":28},"6":{"name":"getRedisClient","decl":{"start":{"line":37,"column":9},"end":{"line":37,"column":23}},"loc":{"start":{"line":37,"column":26},"end":{"line":40,"column":1}},"line":37},"7":{"name":"getRedisPubClient","decl":{"start":{"line":42,"column":9},"end":{"line":42,"column":26}},"loc":{"start":{"line":42,"column":29},"end":{"line":45,"column":1}},"line":42},"8":{"name":"getRedisSubClient","decl":{"start":{"line":47,"column":9},"end":{"line":47,"column":26}},"loc":{"start":{"line":47,"column":29},"end":{"line":50,"column":1}},"line":47}},"branchMap":{"0":{"loc":{"start":{"line":12,"column":14},"end":{"line":12,"column":48}},"type":"binary-expr","locations":[{"start":{"line":12,"column":14},"end":{"line":12,"column":35}},{"start":{"line":12,"column":39},"end":{"line":12,"column":48}}],"line":12},"1":{"loc":{"start":{"line":38,"column":2},"end":{"line":38,"column":89}},"type":"if","locations":[{"start":{"line":38,"column":2},"end":{"line":38,"column":89}},{"start":{},"end":{}}],"line":38},"2":{"loc":{"start":{"line":43,"column":2},"end":{"line":43,"column":96}},"type":"if","locations":[{"start":{"line":43,"column":2},"end":{"line":43,"column":96}},{"start":{},"end":{}}],"line":43},"3":{"loc":{"start":{"line":48,"column":2},"end":{"line":48,"column":96}},"type":"if","locations":[{"start":{"line":48,"column":2},"end":{"line":48,"column":96}},{"start":{},"end":{}}],"line":48}},"s":{"0":1,"1":1,"2":1,"3":1,"4":1,"5":0,"6":0,"7":0,"8":0,"9":0,"10":0,"11":0,"12":0,"13":0,"14":0,"15":0,"16":0,"17":0,"18":0,"19":0,"20":0,"21":0,"22":0,"23":0,"24":0,"25":0,"26":0,"27":0,"28":0,"29":0,"30":1},"f":{"0":0,"1":0,"2":0,"3":0,"4":0,"5":0,"6":0,"7":0,"8":0},"b":{"0":[0,0],"1":[0,0],"2":[0,0],"3":[0,0]},"_coverageSchema":"1a1c01bbd47fc00a2c39e90264f33305004495a9","hash":"49b9d6d6d11e4f99cccd88337bdceb12404471e1"}
,"D:\\real-time-leaderboard\\src\\services\\cacheService.js": {"path":"D:\\real-time-leaderboard\\src\\services\\cacheService.js","statementMap":{"0":{"start":{"line":1,"column":27},"end":{"line":1,"column":53}},"1":{"start":{"line":3,"column":18},"end":{"line":3,"column":21}},"2":{"start":{"line":4,"column":21},"end":{"line":4,"column":29}},"3":{"start":{"line":10,"column":16},"end":{"line":10,"column":32}},"4":{"start":{"line":11,"column":19},"end":{"line":11,"column":86}},"5":{"start":{"line":13,"column":17},"end":{"line":13,"column":42}},"6":{"start":{"line":14,"column":2},"end":{"line":17,"column":3}},"7":{"start":{"line":15,"column":4},"end":{"line":15,"column":44}},"8":{"start":{"line":16,"column":4},"end":{"line":16,"column":30}},"9":{"start":{"line":19,"column":2},"end":{"line":19,"column":14}},"10":{"start":{"line":26,"column":16},"end":{"line":26,"column":32}},"11":{"start":{"line":27,"column":19},"end":{"line":27,"column":86}},"12":{"start":{"line":29,"column":2},"end":{"line":29,"column":65}},"13":{"start":{"line":30,"column":2},"end":{"line":30,"column":61}},"14":{"start":{"line":37,"column":16},"end":{"line":37,"column":32}},"15":{"start":{"line":38,"column":18},"end":{"line":38,"column":71}},"16":{"start":{"line":40,"column":15},"end":{"line":40,"column":40}},"17":{"start":{"line":41,"column":2},"end":{"line":44,"column":3}},"18":{"start":{"line":42,"column":4},"end":{"line":42,"column":29}},"19":{"start":{"line":43,"column":4},"end":{"line":43,"column":86}},"20":{"start":{"line":51,"column":12},"end":{"line":51,"column":53}},"21":{"start":{"line":52,"column":2},"end":{"line":52,"column":34}},"22":{"start":{"line":52,"column":14},"end":{"line":52,"column":34}},"23":{"start":{"line":53,"column":2},"end":{"line":53,"column":38}},"24":{"start":{"line":53,"column":16},"end":{"line":53,"column":38}},"25":{"start":{"line":54,"column":2},"end":{"line":54,"column":32}},"26":{"start":{"line":54,"column":13},"end":{"line":54,"column":32}},"27":{"start":{"line":55,"column":2},"end":{"line":55,"column":13}},"28":{"start":{"line":62,"column":16},"end":{"line":62,"column":51}},"29":{"start":{"line":63,"column":2},"end":{"line":63,"column":38}},"30":{"start":{"line":63,"column":14},"end":{"line":63,"column":38}},"31":{"start":{"line":64,"column":2},"end":{"line":64,"column":42}},"32":{"start":{"line":64,"column":16},"end":{"line":64,"column":42}},"33":{"start":{"line":65,"column":2},"end":{"line":65,"column":17}},"34":{"start":{"line":66,"column":2},"end":{"line":66,"column":17}},"35":{"start":{"line":73,"column":16},"end":{"line":73,"column":32}},"36":{"start":{"line":74,"column":15},"end":{"line":74,"column":51}},"37":{"start":{"line":75,"column":2},"end":{"line":78,"column":4}},"38":{"start":{"line":81,"column":0},"end":{"line":87,"column":2}}},"fnMap":{"0":{"name":"getTopScoresFromCache","decl":{"start":{"line":9,"column":15},"end":{"line":9,"column":36}},"loc":{"start":{"line":9,"column":96},"end":{"line":20,"column":1}},"line":9},"1":{"name":"cacheTopScores","decl":{"start":{"line":25,"column":15},"end":{"line":25,"column":29}},"loc":{"start":{"line":25,"column":97},"end":{"line":31,"column":1}},"line":25},"2":{"name":"invalidateLeaderboardCache","decl":{"start":{"line":36,"column":15},"end":{"line":36,"column":41}},"loc":{"start":{"line":36,"column":89},"end":{"line":45,"column":1}},"line":36},"3":{"name":"buildCacheKey","decl":{"start":{"line":50,"column":9},"end":{"line":50,"column":22}},"loc":{"start":{"line":50,"column":90},"end":{"line":56,"column":1}},"line":50},"4":{"name":"buildCacheKeyPattern","decl":{"start":{"line":61,"column":9},"end":{"line":61,"column":29}},"loc":{"start":{"line":61,"column":77},"end":{"line":67,"column":1}},"line":61},"5":{"name":"getCacheStats","decl":{"start":{"line":72,"column":15},"end":{"line":72,"column":28}},"loc":{"start":{"line":72,"column":31},"end":{"line":79,"column":1}},"line":72}},"branchMap":{"0":{"loc":{"start":{"line":9,"column":52},"end":{"line":9,"column":62}},"type":"default-arg","locations":[{"start":{"line":9,"column":60},"end":{"line":9,"column":62}}],"line":9},"1":{"loc":{"start":{"line":9,"column":64},"end":{"line":9,"column":77}},"type":"default-arg","locations":[{"start":{"line":9,"column":73},"end":{"line":9,"column":77}}],"line":9},"2":{"loc":{"start":{"line":9,"column":79},"end":{"line":9,"column":94}},"type":"default-arg","locations":[{"start":{"line":9,"column":90},"end":{"line":9,"column":94}}],"line":9},"3":{"loc":{"start":{"line":14,"column":2},"end":{"line":17,"column":3}},"type":"if","locations":[{"start":{"line":14,"column":2},"end":{"line":17,"column":3}},{"start":{},"end":{}}],"line":14},"4":{"loc":{"start":{"line":25,"column":53},"end":{"line":25,"column":63}},"type":"default-arg","locations":[{"start":{"line":25,"column":61},"end":{"line":25,"column":63}}],"line":25},"5":{"loc":{"start":{"line":25,"column":65},"end":{"line":25,"column":78}},"type":"default-arg","locations":[{"start":{"line":25,"column":74},"end":{"line":25,"column":78}}],"line":25},"6":{"loc":{"start":{"line":25,"column":80},"end":{"line":25,"column":95}},"type":"default-arg","locations":[{"start":{"line":25,"column":91},"end":{"line":25,"column":95}}],"line":25},"7":{"loc":{"start":{"line":36,"column":57},"end":{"line":36,"column":70}},"type":"default-arg","locations":[{"start":{"line":36,"column":66},"end":{"line":36,"column":70}}],"line":36},"8":{"loc":{"start":{"line":36,"column":72},"end":{"line":36,"column":87}},"type":"default-arg","locations":[{"start":{"line":36,"column":83},"end":{"line":36,"column":87}}],"line":36},"9":{"loc":{"start":{"line":41,"column":2},"end":{"line":44,"column":3}},"type":"if","locations":[{"start":{"line":41,"column":2},"end":{"line":44,"column":3}},{"start":{},"end":{}}],"line":41},"10":{"loc":{"start":{"line":50,"column":44},"end":{"line":50,"column":57}},"type":"default-arg","locations":[{"start":{"line":50,"column":53},"end":{"line":50,"column":57}}],"line":50},"11":{"loc":{"start":{"line":50,"column":59},"end":{"line":50,"column":74}},"type":"default-arg","locations":[{"start":{"line":50,"column":70},"end":{"line":50,"column":74}}],"line":50},"12":{"loc":{"start":{"line":50,"column":76},"end":{"line":50,"column":88}},"type":"default-arg","locations":[{"start":{"line":50,"column":84},"end":{"line":50,"column":88}}],"line":50},"13":{"loc":{"start":{"line":52,"column":2},"end":{"line":52,"column":34}},"type":"if","locations":[{"start":{"line":52,"column":2},"end":{"line":52,"column":34}},{"start":{},"end":{}}],"line":52},"14":{"loc":{"start":{"line":53,"column":2},"end":{"line":53,"column":38}},"type":"if","locations":[{"start":{"line":53,"column":2},"end":{"line":53,"column":38}},{"start":{},"end":{}}],"line":53},"15":{"loc":{"start":{"line":54,"column":2},"end":{"line":54,"column":32}},"type":"if","locations":[{"start":{"line":54,"column":2},"end":{"line":54,"column":32}},{"start":{},"end":{}}],"line":54},"16":{"loc":{"start":{"line":61,"column":45},"end":{"line":61,"column":58}},"type":"default-arg","locations":[{"start":{"line":61,"column":54},"end":{"line":61,"column":58}}],"line":61},"17":{"loc":{"start":{"line":61,"column":60},"end":{"line":61,"column":75}},"type":"default-arg","locations":[{"start":{"line":61,"column":71},"end":{"line":61,"column":75}}],"line":61},"18":{"loc":{"start":{"line":63,"column":2},"end":{"line":63,"column":38}},"type":"if","locations":[{"start":{"line":63,"column":2},"end":{"line":63,"column":38}},{"start":{},"end":{}}],"line":63},"19":{"loc":{"start":{"line":64,"column":2},"end":{"line":64,"column":42}},"type":"if","locations":[{"start":{"line":64,"column":2},"end":{"line":64,"column":42}},{"start":{},"end":{}}],"line":64}},"s":{"0":1,"1":1,"2":1,"3":0,"4":0,"5":0,"6":0,"7":0,"8":0,"9":0,"10":0,"11":0,"12":0,"13":0,"14":0,"15":0,"16":0,"17":0,"18":0,"19":0,"20":0,"21":0,"22":0,"23":0,"24":0,"25":0,"26":0,"27":0,"28":0,"29":0,"30":0,"31":0,"32":0,"33":0,"34":0,"35":0,"36":0,"37":0,"38":1},"f":{"0":0,"1":0,"2":0,"3":0,"4":0,"5":0},"b":{"0":[0],"1":[0],"2":[0],"3":[0,0],"4":[0],"5":[0],"6":[0],"7":[0],"8":[0],"9":[0,0],"10":[0],"11":[0],"12":[0],"13":[0,0],"14":[0,0],"15":[0,0],"16":[0],"17":[0],"18":[0,0],"19":[0,0]},"_coverageSchema":"1a1c01bbd47fc00a2c39e90264f33305004495a9","hash":"5eb0e8305b1b1ce7698968c0ca640c11efa4d5e8"}
,"D:\\real-time-leaderboard\\src\\services\\filterService.js": {"path":"D:\\real-time-leaderboard\\src\\services\\filterService.js","statementMap":{"0":{"start":{"line":1,"column":27},"end":{"line":1,"column":53}},"1":{"start":{"line":7,"column":12},"end":{"line":7,"column":42}},"2":{"start":{"line":8,"column":2},"end":{"line":8,"column":41}},"3":{"start":{"line":8,"column":14},"end":{"line":8,"column":41}},"4":{"start":{"line":9,"column":2},"end":{"line":9,"column":43}},"5":{"start":{"line":9,"column":16},"end":{"line":9,"column":43}},"6":{"start":{"line":10,"column":2},"end":{"line":10,"column":13}},"7":{"start":{"line":17,"column":16},"end":{"line":17,"column":32}},"8":{"start":{"line":18,"column":14},"end":{"line":18,"column":63}},"9":{"start":{"line":20,"column":18},"end":{"line":20,"column":72}},"10":{"start":{"line":21,"column":17},"end":{"line":21,"column":19}},"11":{"start":{"line":23,"column":2},"end":{"line":31,"column":3}},"12":{"start":{"line":23,"column":15},"end":{"line":23,"column":16}},"13":{"start":{"line":24,"column":4},"end":{"line":30,"column":7}},"14":{"start":{"line":33,"column":2},"end":{"line":33,"column":16}},"15":{"start":{"line":40,"column":16},"end":{"line":40,"column":32}},"16":{"start":{"line":41,"column":14},"end":{"line":41,"column":63}},"17":{"start":{"line":43,"column":16},"end":{"line":43,"column":47}},"18":{"start":{"line":44,"column":2},"end":{"line":44,"column":34}},"19":{"start":{"line":44,"column":22},"end":{"line":44,"column":34}},"20":{"start":{"line":46,"column":15},"end":{"line":46,"column":48}},"21":{"start":{"line":47,"column":2},"end":{"line":53,"column":4}},"22":{"start":{"line":60,"column":16},"end":{"line":60,"column":32}},"23":{"start":{"line":63,"column":20},"end":{"line":63,"column":51}},"24":{"start":{"line":64,"column":2},"end":{"line":64,"column":45}},"25":{"start":{"line":67,"column":2},"end":{"line":70,"column":3}},"26":{"start":{"line":68,"column":22},"end":{"line":68,"column":61}},"27":{"start":{"line":69,"column":4},"end":{"line":69,"column":47}},"28":{"start":{"line":73,"column":2},"end":{"line":76,"column":3}},"29":{"start":{"line":74,"column":20},"end":{"line":74,"column":67}},"30":{"start":{"line":75,"column":4},"end":{"line":75,"column":45}},"31":{"start":{"line":79,"column":2},"end":{"line":82,"column":3}},"32":{"start":{"line":80,"column":24},"end":{"line":80,"column":73}},"33":{"start":{"line":81,"column":4},"end":{"line":81,"column":49}},"34":{"start":{"line":84,"column":21},"end":{"line":84,"column":60}},"35":{"start":{"line":86,"column":2},"end":{"line":93,"column":4}},"36":{"start":{"line":100,"column":16},"end":{"line":100,"column":32}},"37":{"start":{"line":101,"column":14},"end":{"line":101,"column":63}},"38":{"start":{"line":103,"column":16},"end":{"line":103,"column":38}},"39":{"start":{"line":104,"column":19},"end":{"line":104,"column":65}},"40":{"start":{"line":105,"column":22},"end":{"line":105,"column":65}},"41":{"start":{"line":107,"column":2},"end":{"line":114,"column":4}},"42":{"start":{"line":117,"column":0},"end":{"line":123,"column":2}}},"fnMap":{"0":{"name":"buildFilteredKey","decl":{"start":{"line":6,"column":9},"end":{"line":6,"column":25}},"loc":{"start":{"line":6,"column":73},"end":{"line":11,"column":1}},"line":6},"1":{"name":"getTopScoresFiltered","decl":{"start":{"line":16,"column":15},"end":{"line":16,"column":35}},"loc":{"start":{"line":16,"column":95},"end":{"line":34,"column":1}},"line":16},"2":{"name":"getUserRankFiltered","decl":{"start":{"line":39,"column":15},"end":{"line":39,"column":34}},"loc":{"start":{"line":39,"column":90},"end":{"line":54,"column":1}},"line":39},"3":{"name":"updateScoreFiltered","decl":{"start":{"line":59,"column":15},"end":{"line":59,"column":34}},"loc":{"start":{"line":59,"column":114},"end":{"line":94,"column":1}},"line":59},"4":{"name":"getLeaderboardStats","decl":{"start":{"line":99,"column":15},"end":{"line":99,"column":34}},"loc":{"start":{"line":99,"column":82},"end":{"line":115,"column":1}},"line":99}},"branchMap":{"0":{"loc":{"start":{"line":6,"column":41},"end":{"line":6,"column":54}},"type":"default-arg","locations":[{"start":{"line":6,"column":50},"end":{"line":6,"column":54}}],"line":6},"1":{"loc":{"start":{"line":6,"column":56},"end":{"line":6,"column":71}},"type":"default-arg","locations":[{"start":{"line":6,"column":67},"end":{"line":6,"column":71}}],"line":6},"2":{"loc":{"start":{"line":8,"column":2},"end":{"line":8,"column":41}},"type":"if","locations":[{"start":{"line":8,"column":2},"end":{"line":8,"column":41}},{"start":{},"end":{}}],"line":8},"3":{"loc":{"start":{"line":9,"column":2},"end":{"line":9,"column":43}},"type":"if","locations":[{"start":{"line":9,"column":2},"end":{"line":9,"column":43}},{"start":{},"end":{}}],"line":9},"4":{"loc":{"start":{"line":16,"column":51},"end":{"line":16,"column":61}},"type":"default-arg","locations":[{"start":{"line":16,"column":59},"end":{"line":16,"column":61}}],"line":16},"5":{"loc":{"start":{"line":16,"column":63},"end":{"line":16,"column":76}},"type":"default-arg","locations":[{"start":{"line":16,"column":72},"end":{"line":16,"column":76}}],"line":16},"6":{"loc":{"start":{"line":16,"column":78},"end":{"line":16,"column":93}},"type":"default-arg","locations":[{"start":{"line":16,"column":89},"end":{"line":16,"column":93}}],"line":16},"7":{"loc":{"start":{"line":39,"column":58},"end":{"line":39,"column":71}},"type":"default-arg","locations":[{"start":{"line":39,"column":67},"end":{"line":39,"column":71}}],"line":39},"8":{"loc":{"start":{"line":39,"column":73},"end":{"line":39,"column":88}},"type":"default-arg","locations":[{"start":{"line":39,"column":84},"end":{"line":39,"column":88}}],"line":39},"9":{"loc":{"start":{"line":44,"column":2},"end":{"line":44,"column":34}},"type":"if","locations":[{"start":{"line":44,"column":2},"end":{"line":44,"column":34}},{"start":{},"end":{}}],"line":44},"10":{"loc":{"start":{"line":59,"column":65},"end":{"line":59,"column":80}},"type":"default-arg","locations":[{"start":{"line":59,"column":76},"end":{"line":59,"column":80}}],"line":59},"11":{"loc":{"start":{"line":59,"column":82},"end":{"line":59,"column":95}},"type":"default-arg","locations":[{"start":{"line":59,"column":91},"end":{"line":59,"column":95}}],"line":59},"12":{"loc":{"start":{"line":59,"column":97},"end":{"line":59,"column":112}},"type":"default-arg","locations":[{"start":{"line":59,"column":108},"end":{"line":59,"column":112}}],"line":59},"13":{"loc":{"start":{"line":67,"column":2},"end":{"line":70,"column":3}},"type":"if","locations":[{"start":{"line":67,"column":2},"end":{"line":70,"column":3}},{"start":{},"end":{}}],"line":67},"14":{"loc":{"start":{"line":73,"column":2},"end":{"line":76,"column":3}},"type":"if","locations":[{"start":{"line":73,"column":2},"end":{"line":76,"column":3}},{"start":{},"end":{}}],"line":73},"15":{"loc":{"start":{"line":79,"column":2},"end":{"line":82,"column":3}},"type":"if","locations":[{"start":{"line":79,"column":2},"end":{"line":82,"column":3}},{"start":{},"end":{}}],"line":79},"16":{"loc":{"start":{"line":79,"column":6},"end":{"line":79,"column":24}},"type":"binary-expr","locations":[{"start":{"line":79,"column":6},"end":{"line":79,"column":12}},{"start":{"line":79,"column":16},"end":{"line":79,"column":24}}],"line":79},"17":{"loc":{"start":{"line":99,"column":50},"end":{"line":99,"column":63}},"type":"default-arg","locations":[{"start":{"line":99,"column":59},"end":{"line":99,"column":63}}],"line":99},"18":{"loc":{"start":{"line":99,"column":65},"end":{"line":99,"column":80}},"type":"default-arg","locations":[{"start":{"line":99,"column":76},"end":{"line":99,"column":80}}],"line":99},"19":{"loc":{"start":{"line":109,"column":14},"end":{"line":109,"column":63}},"type":"cond-expr","locations":[{"start":{"line":109,"column":36},"end":{"line":109,"column":59}},{"start":{"line":109,"column":62},"end":{"line":109,"column":63}}],"line":109},"20":{"loc":{"start":{"line":110,"column":17},"end":{"line":110,"column":72}},"type":"cond-expr","locations":[{"start":{"line":110,"column":42},"end":{"line":110,"column":68}},{"start":{"line":110,"column":71},"end":{"line":110,"column":72}}],"line":110}},"s":{"0":1,"1":0,"2":0,"3":0,"4":0,"5":0,"6":0,"7":0,"8":0,"9":0,"10":0,"11":0,"12":0,"13":0,"14":0,"15":0,"16":0,"17":0,"18":0,"19":0,"20":0,"21":0,"22":0,"23":0,"24":0,"25":0,"26":0,"27":0,"28":0,"29":0,"30":0,"31":0,"32":0,"33":0,"34":0,"35":0,"36":0,"37":0,"38":0,"39":0,"40":0,"41":0,"42":1},"f":{"0":0,"1":0,"2":0,"3":0,"4":0},"b":{"0":[0],"1":[0],"2":[0,0],"3":[0,0],"4":[0],"5":[0],"6":[0],"7":[0],"8":[0],"9":[0,0],"10":[0],"11":[0],"12":[0],"13":[0,0],"14":[0,0],"15":[0,0],"16":[0,0],"17":[0],"18":[0],"19":[0,0],"20":[0,0]},"_coverageSchema":"1a1c01bbd47fc00a2c39e90264f33305004495a9","hash":"a84f4ca5ab2a0aaaa6256f94afa121ed9e8cac67"}
,"D:\\real-time-leaderboard\\src\\services\\leaderboardService.js": {"path":"D:\\real-time-leaderboard\\src\\services\\leaderboardService.js","statementMap":{"0":{"start":{"line":1,"column":27},"end":{"line":1,"column":53}},"1":{"start":{"line":2,"column":32},"end":{"line":2,"column":62}},"2":{"start":{"line":3,"column":96},"end":{"line":3,"column":126}},"3":{"start":{"line":6,"column":16},"end":{"line":6,"column":32}},"4":{"start":{"line":7,"column":14},"end":{"line":7,"column":48}},"5":{"start":{"line":8,"column":17},"end":{"line":8,"column":76}},"6":{"start":{"line":9,"column":40},"end":{"line":9,"column":46}},"7":{"start":{"line":10,"column":2},"end":{"line":10,"column":93}},"8":{"start":{"line":14,"column":16},"end":{"line":14,"column":32}},"9":{"start":{"line":15,"column":14},"end":{"line":15,"column":48}},"10":{"start":{"line":16,"column":17},"end":{"line":16,"column":82}},"11":{"start":{"line":17,"column":24},"end":{"line":17,"column":30}},"12":{"start":{"line":18,"column":2},"end":{"line":18,"column":53}},"13":{"start":{"line":22,"column":16},"end":{"line":22,"column":32}},"14":{"start":{"line":23,"column":14},"end":{"line":23,"column":48}},"15":{"start":{"line":24,"column":17},"end":{"line":24,"column":72}},"16":{"start":{"line":25,"column":29},"end":{"line":25,"column":35}},"17":{"start":{"line":26,"column":2},"end":{"line":26,"column":65}},"18":{"start":{"line":30,"column":16},"end":{"line":30,"column":32}},"19":{"start":{"line":31,"column":14},"end":{"line":31,"column":48}},"20":{"start":{"line":32,"column":18},"end":{"line":32,"column":72}},"21":{"start":{"line":33,"column":17},"end":{"line":33,"column":19}},"22":{"start":{"line":34,"column":2},"end":{"line":36,"column":3}},"23":{"start":{"line":34,"column":15},"end":{"line":34,"column":16}},"24":{"start":{"line":35,"column":4},"end":{"line":35,"column":104}},"25":{"start":{"line":37,"column":2},"end":{"line":37,"column":16}},"26":{"start":{"line":41,"column":16},"end":{"line":41,"column":32}},"27":{"start":{"line":42,"column":14},"end":{"line":42,"column":48}},"28":{"start":{"line":43,"column":17},"end":{"line":43,"column":76}},"29":{"start":{"line":44,"column":2},"end":{"line":44,"column":27}},"30":{"start":{"line":44,"column":15},"end":{"line":44,"column":27}},"31":{"start":{"line":45,"column":24},"end":{"line":45,"column":30}},"32":{"start":{"line":46,"column":2},"end":{"line":46,"column":43}},"33":{"start":{"line":50,"column":16},"end":{"line":50,"column":32}},"34":{"start":{"line":51,"column":14},"end":{"line":51,"column":48}},"35":{"start":{"line":52,"column":15},"end":{"line":52,"column":48}},"36":{"start":{"line":53,"column":2},"end":{"line":53,"column":31}},"37":{"start":{"line":53,"column":21},"end":{"line":53,"column":31}},"38":{"start":{"line":54,"column":16},"end":{"line":54,"column":41}},"39":{"start":{"line":55,"column":14},"end":{"line":55,"column":26}},"40":{"start":{"line":56,"column":18},"end":{"line":56,"column":70}},"41":{"start":{"line":57,"column":17},"end":{"line":57,"column":19}},"42":{"start":{"line":58,"column":2},"end":{"line":60,"column":3}},"43":{"start":{"line":58,"column":15},"end":{"line":58,"column":16}},"44":{"start":{"line":59,"column":4},"end":{"line":59,"column":112}},"45":{"start":{"line":61,"column":2},"end":{"line":61,"column":16}},"46":{"start":{"line":65,"column":16},"end":{"line":65,"column":32}},"47":{"start":{"line":66,"column":14},"end":{"line":66,"column":48}},"48":{"start":{"line":67,"column":2},"end":{"line":67,"column":32}},"49":{"start":{"line":71,"column":16},"end":{"line":71,"column":32}},"50":{"start":{"line":72,"column":14},"end":{"line":72,"column":48}},"51":{"start":{"line":73,"column":2},"end":{"line":73,"column":39}},"52":{"start":{"line":77,"column":16},"end":{"line":77,"column":32}},"53":{"start":{"line":78,"column":14},"end":{"line":78,"column":48}},"54":{"start":{"line":79,"column":2},"end":{"line":79,"column":30}},"55":{"start":{"line":82,"column":0},"end":{"line":82,"column":157}}},"fnMap":{"0":{"name":"updateScore","decl":{"start":{"line":5,"column":15},"end":{"line":5,"column":26}},"loc":{"start":{"line":5,"column":74},"end":{"line":11,"column":1}},"line":5},"1":{"name":"incrementScore","decl":{"start":{"line":13,"column":15},"end":{"line":13,"column":29}},"loc":{"start":{"line":13,"column":81},"end":{"line":19,"column":1}},"line":13},"2":{"name":"setScore","decl":{"start":{"line":21,"column":15},"end":{"line":21,"column":23}},"loc":{"start":{"line":21,"column":71},"end":{"line":27,"column":1}},"line":21},"3":{"name":"getTopScores","decl":{"start":{"line":29,"column":15},"end":{"line":29,"column":27}},"loc":{"start":{"line":29,"column":55},"end":{"line":38,"column":1}},"line":29},"4":{"name":"getUserRank","decl":{"start":{"line":40,"column":15},"end":{"line":40,"column":26}},"loc":{"start":{"line":40,"column":50},"end":{"line":47,"column":1}},"line":40},"5":{"name":"getScoresAroundUser","decl":{"start":{"line":49,"column":15},"end":{"line":49,"column":34}},"loc":{"start":{"line":49,"column":69},"end":{"line":62,"column":1}},"line":49},"6":{"name":"getLeaderboardSize","decl":{"start":{"line":64,"column":15},"end":{"line":64,"column":33}},"loc":{"start":{"line":64,"column":49},"end":{"line":68,"column":1}},"line":64},"7":{"name":"removeUser","decl":{"start":{"line":70,"column":15},"end":{"line":70,"column":25}},"loc":{"start":{"line":70,"column":49},"end":{"line":74,"column":1}},"line":70},"8":{"name":"clearLeaderboard","decl":{"start":{"line":76,"column":15},"end":{"line":76,"column":31}},"loc":{"start":{"line":76,"column":47},"end":{"line":80,"column":1}},"line":76}},"branchMap":{"0":{"loc":{"start":{"line":5,"column":57},"end":{"line":5,"column":72}},"type":"default-arg","locations":[{"start":{"line":5,"column":68},"end":{"line":5,"column":72}}],"line":5},"1":{"loc":{"start":{"line":13,"column":64},"end":{"line":13,"column":79}},"type":"default-arg","locations":[{"start":{"line":13,"column":75},"end":{"line":13,"column":79}}],"line":13},"2":{"loc":{"start":{"line":21,"column":54},"end":{"line":21,"column":69}},"type":"default-arg","locations":[{"start":{"line":21,"column":65},"end":{"line":21,"column":69}}],"line":21},"3":{"loc":{"start":{"line":29,"column":43},"end":{"line":29,"column":53}},"type":"default-arg","locations":[{"start":{"line":29,"column":51},"end":{"line":29,"column":53}}],"line":29},"4":{"loc":{"start":{"line":44,"column":2},"end":{"line":44,"column":27}},"type":"if","locations":[{"start":{"line":44,"column":2},"end":{"line":44,"column":27}},{"start":{},"end":{}}],"line":44},"5":{"loc":{"start":{"line":49,"column":58},"end":{"line":49,"column":67}},"type":"default-arg","locations":[{"start":{"line":49,"column":66},"end":{"line":49,"column":67}}],"line":49},"6":{"loc":{"start":{"line":53,"column":2},"end":{"line":53,"column":31}},"type":"if","locations":[{"start":{"line":53,"column":2},"end":{"line":53,"column":31}},{"start":{},"end":{}}],"line":53}},"s":{"0":1,"1":1,"2":1,"3":0,"4":0,"5":0,"6":0,"7":0,"8":0,"9":0,"10":0,"11":0,"12":0,"13":0,"14":0,"15":0,"16":0,"17":0,"18":0,"19":0,"20":0,"21":0,"22":0,"23":0,"24":0,"25":0,"26":0,"27":0,"28":0,"29":0,"30":0,"31":0,"32":0,"33":0,"34":0,"35":0,"36":0,"37":0,"38":0,"39":0,"40":0,"41":0,"42":0,"43":0,"44":0,"45":0,"46":0,"47":0,"48":0,"49":0,"50":0,"51":0,"52":0,"53":0,"54":0,"55":1},"f":{"0":0,"1":0,"2":0,"3":0,"4":0,"5":0,"6":0,"7":0,"8":0},"b":{"0":[0],"1":[0],"2":[0],"3":[0],"4":[0,0],"5":[0],"6":[0,0]},"_coverageSchema":"1a1c01bbd47fc00a2c39e90264f33305004495a9","hash":"0d15e9618928c67c7a87dcf6a15b8ffeeca2e84c"}
,"D:\\real-time-leaderboard\\src\\services\\persistenceService.js": {"path":"D:\\real-time-leaderboard\\src\\services\\persistenceService.js","statementMap":{"0":{"start":{"line":1,"column":32},"end":{"line":1,"column":58}},"1":{"start":{"line":2,"column":15},"end":{"line":2,"column":39}},"2":{"start":{"line":4,"column":20},"end":{"line":4,"column":29}},"3":{"start":{"line":5,"column":17},"end":{"line":5,"column":21}},"4":{"start":{"line":8,"column":14},"end":{"line":8,"column":42}},"5":{"start":{"line":9,"column":2},"end":{"line":9,"column":90}},"6":{"start":{"line":10,"column":2},"end":{"line":12,"column":3}},"7":{"start":{"line":11,"column":4},"end":{"line":11,"column":17}},"8":{"start":{"line":16,"column":2},"end":{"line":16,"column":37}},"9":{"start":{"line":16,"column":30},"end":{"line":16,"column":37}},"10":{"start":{"line":17,"column":18},"end":{"line":17,"column":50}},"11":{"start":{"line":18,"column":2},"end":{"line":18,"column":22}},"12":{"start":{"line":19,"column":2},"end":{"line":38,"column":3}},"13":{"start":{"line":20,"column":23},"end":{"line":20,"column":44}},"14":{"start":{"line":21,"column":20},"end":{"line":30,"column":7}},"15":{"start":{"line":21,"column":40},"end":{"line":30,"column":5}},"16":{"start":{"line":31,"column":4},"end":{"line":34,"column":5}},"17":{"start":{"line":32,"column":6},"end":{"line":32,"column":62}},"18":{"start":{"line":33,"column":6},"end":{"line":33,"column":75}},"19":{"start":{"line":36,"column":4},"end":{"line":36,"column":64}},"20":{"start":{"line":37,"column":4},"end":{"line":37,"column":81}},"21":{"start":{"line":37,"column":27},"end":{"line":37,"column":79}},"22":{"start":{"line":42,"column":2},"end":{"line":42,"column":44}},"23":{"start":{"line":42,"column":18},"end":{"line":42,"column":44}},"24":{"start":{"line":43,"column":2},"end":{"line":43,"column":90}},"25":{"start":{"line":43,"column":41},"end":{"line":43,"column":60}},"26":{"start":{"line":44,"column":2},"end":{"line":44,"column":83}},"27":{"start":{"line":48,"column":2},"end":{"line":51,"column":3}},"28":{"start":{"line":49,"column":4},"end":{"line":49,"column":30}},"29":{"start":{"line":50,"column":4},"end":{"line":50,"column":22}},"30":{"start":{"line":52,"column":2},"end":{"line":52,"column":21}},"31":{"start":{"line":53,"column":2},"end":{"line":53,"column":41}},"32":{"start":{"line":57,"column":21},"end":{"line":57,"column":42}},"33":{"start":{"line":58,"column":2},"end":{"line":58,"column":61}},"34":{"start":{"line":62,"column":21},"end":{"line":62,"column":42}},"35":{"start":{"line":63,"column":2},"end":{"line":63,"column":93}},"36":{"start":{"line":66,"column":0},"end":{"line":66,"column":133}}},"fnMap":{"0":{"name":"queueScoreUpdate","decl":{"start":{"line":7,"column":9},"end":{"line":7,"column":25}},"loc":{"start":{"line":7,"column":73},"end":{"line":13,"column":1}},"line":7},"1":{"name":"flushQueue","decl":{"start":{"line":15,"column":15},"end":{"line":15,"column":25}},"loc":{"start":{"line":15,"column":28},"end":{"line":39,"column":1}},"line":15},"2":{"name":"(anonymous_2)","decl":{"start":{"line":21,"column":32},"end":{"line":21,"column":33}},"loc":{"start":{"line":21,"column":40},"end":{"line":30,"column":5}},"line":21},"3":{"name":"(anonymous_3)","decl":{"start":{"line":37,"column":20},"end":{"line":37,"column":21}},"loc":{"start":{"line":37,"column":27},"end":{"line":37,"column":79}},"line":37},"4":{"name":"startBatchProcessor","decl":{"start":{"line":41,"column":9},"end":{"line":41,"column":28}},"loc":{"start":{"line":41,"column":31},"end":{"line":45,"column":1}},"line":41},"5":{"name":"(anonymous_5)","decl":{"start":{"line":43,"column":27},"end":{"line":43,"column":28}},"loc":{"start":{"line":43,"column":39},"end":{"line":43,"column":62}},"line":43},"6":{"name":"stopBatchProcessor","decl":{"start":{"line":47,"column":15},"end":{"line":47,"column":33}},"loc":{"start":{"line":47,"column":36},"end":{"line":54,"column":1}},"line":47},"7":{"name":"getPersistedScore","decl":{"start":{"line":56,"column":15},"end":{"line":56,"column":32}},"loc":{"start":{"line":56,"column":56},"end":{"line":59,"column":1}},"line":56},"8":{"name":"getPersistedTopScores","decl":{"start":{"line":61,"column":15},"end":{"line":61,"column":36}},"loc":{"start":{"line":61,"column":64},"end":{"line":64,"column":1}},"line":61}},"branchMap":{"0":{"loc":{"start":{"line":7,"column":56},"end":{"line":7,"column":71}},"type":"default-arg","locations":[{"start":{"line":7,"column":67},"end":{"line":7,"column":71}}],"line":7},"1":{"loc":{"start":{"line":10,"column":2},"end":{"line":12,"column":3}},"type":"if","locations":[{"start":{"line":10,"column":2},"end":{"line":12,"column":3}},{"start":{},"end":{}}],"line":10},"2":{"loc":{"start":{"line":16,"column":2},"end":{"line":16,"column":37}},"type":"if","locations":[{"start":{"line":16,"column":2},"end":{"line":16,"column":37}},{"start":{},"end":{}}],"line":16},"3":{"loc":{"start":{"line":31,"column":4},"end":{"line":34,"column":5}},"type":"if","locations":[{"start":{"line":31,"column":4},"end":{"line":34,"column":5}},{"start":{},"end":{}}],"line":31},"4":{"loc":{"start":{"line":42,"column":2},"end":{"line":42,"column":44}},"type":"if","locations":[{"start":{"line":42,"column":2},"end":{"line":42,"column":44}},{"start":{},"end":{}}],"line":42},"5":{"loc":{"start":{"line":48,"column":2},"end":{"line":51,"column":3}},"type":"if","locations":[{"start":{"line":48,"column":2},"end":{"line":51,"column":3}},{"start":{},"end":{}}],"line":48},"6":{"loc":{"start":{"line":61,"column":52},"end":{"line":61,"column":62}},"type":"default-arg","locations":[{"start":{"line":61,"column":60},"end":{"line":61,"column":62}}],"line":61}},"s":{"0":1,"1":1,"2":1,"3":1,"4":0,"5":0,"6":0,"7":0,"8":0,"9":0,"10":0,"11":0,"12":0,"13":0,"14":0,"15":0,"16":0,"17":0,"18":0,"19":0,"20":0,"21":0,"22":0,"23":0,"24":0,"25":0,"26":0,"27":0,"28":0,"29":0,"30":0,"31":0,"32":0,"33":0,"34":0,"35":0,"36":1},"f":{"0":0,"1":0,"2":0,"3":0,"4":0,"5":0,"6":0,"7":0,"8":0},"b":{"0":[0],"1":[0,0],"2":[0,0],"3":[0,0],"4":[0,0],"5":[0,0],"6":[0]},"_coverageSchema":"1a1c01bbd47fc00a2c39e90264f33305004495a9","hash":"47da31d090ddf15958bc9128daabfeea42714605"}
,"D:\\real-time-leaderboard\\src\\services\\pubsubService.js": {"path":"D:\\real-time-leaderboard\\src\\services\\pubsubService.js","statementMap":{"0":{"start":{"line":1,"column":49},"end":{"line":1,"column":75}},"1":{"start":{"line":2,"column":31},"end":{"line":2,"column":61}},"2":{"start":{"line":5,"column":20},"end":{"line":5,"column":39}},"3":{"start":{"line":6,"column":18},"end":{"line":6,"column":51}},"4":{"start":{"line":7,"column":2},"end":{"line":7,"column":57}},"5":{"start":{"line":11,"column":20},"end":{"line":11,"column":39}},"6":{"start":{"line":12,"column":2},"end":{"line":12,"column":54}},"7":{"start":{"line":13,"column":2},"end":{"line":21,"column":5}},"8":{"start":{"line":14,"column":4},"end":{"line":20,"column":5}},"9":{"start":{"line":15,"column":19},"end":{"line":15,"column":38}},"10":{"start":{"line":16,"column":28},"end":{"line":16,"column":46}},"11":{"start":{"line":17,"column":6},"end":{"line":17,"column":72}},"12":{"start":{"line":19,"column":6},"end":{"line":19,"column":64}},"13":{"start":{"line":22,"column":2},"end":{"line":22,"column":63}},"14":{"start":{"line":26,"column":20},"end":{"line":26,"column":39}},"15":{"start":{"line":27,"column":18},"end":{"line":27,"column":51}},"16":{"start":{"line":28,"column":2},"end":{"line":28,"column":122}},"17":{"start":{"line":31,"column":0},"end":{"line":31,"column":84}}},"fnMap":{"0":{"name":"publishScoreUpdate","decl":{"start":{"line":4,"column":15},"end":{"line":4,"column":33}},"loc":{"start":{"line":4,"column":55},"end":{"line":8,"column":1}},"line":4},"1":{"name":"subscribeToPubSub","decl":{"start":{"line":10,"column":15},"end":{"line":10,"column":32}},"loc":{"start":{"line":10,"column":37},"end":{"line":23,"column":1}},"line":10},"2":{"name":"(anonymous_2)","decl":{"start":{"line":13,"column":27},"end":{"line":13,"column":28}},"loc":{"start":{"line":13,"column":58},"end":{"line":21,"column":3}},"line":13},"3":{"name":"publishLeaderboardReset","decl":{"start":{"line":25,"column":15},"end":{"line":25,"column":38}},"loc":{"start":{"line":25,"column":54},"end":{"line":29,"column":1}},"line":25}},"branchMap":{},"s":{"0":1,"1":1,"2":0,"3":0,"4":0,"5":0,"6":0,"7":0,"8":0,"9":0,"10":0,"11":0,"12":0,"13":0,"14":0,"15":0,"16":0,"17":1},"f":{"0":0,"1":0,"2":0,"3":0},"b":{},"_coverageSchema":"1a1c01bbd47fc00a2c39e90264f33305004495a9","hash":"86caed2f331468b19e45a38d4954f6d8f6e11e8e"}
,"D:\\real-time-leaderboard\\src\\socket\\socketHandlers.js": {"path":"D:\\real-time-leaderboard\\src\\socket\\socketHandlers.js","statementMap":{"0":{"start":{"line":1,"column":27},"end":{"line":1,"column":68}},"1":{"start":{"line":2,"column":22},"end":{"line":2,"column":58}},"2":{"start":{"line":3,"column":21},"end":{"line":3,"column":56}},"3":{"start":{"line":4,"column":29},"end":{"line":4,"column":70}},"4":{"start":{"line":5,"column":31},"end":{"line":5,"column":67}},"5":{"start":{"line":11,"column":2},"end":{"line":26,"column":5}},"6":{"start":{"line":12,"column":4},"end":{"line":25,"column":5}},"7":{"start":{"line":13,"column":50},"end":{"line":13,"column":54}},"8":{"start":{"line":14,"column":6},"end":{"line":17,"column":7}},"9":{"start":{"line":15,"column":8},"end":{"line":15,"column":71}},"10":{"start":{"line":16,"column":8},"end":{"line":16,"column":15}},"11":{"start":{"line":18,"column":19},"end":{"line":18,"column":92}},"12":{"start":{"line":19,"column":6},"end":{"line":19,"column":24}},"13":{"start":{"line":20,"column":6},"end":{"line":20,"column":56}},"14":{"start":{"line":21,"column":6},"end":{"line":21,"column":77}},"15":{"start":{"line":23,"column":6},"end":{"line":23,"column":57}},"16":{"start":{"line":24,"column":6},"end":{"line":24,"column":70}},"17":{"start":{"line":31,"column":2},"end":{"line":40,"column":5}},"18":{"start":{"line":32,"column":4},"end":{"line":39,"column":5}},"19":{"start":{"line":33,"column":50},"end":{"line":33,"column":54}},"20":{"start":{"line":34,"column":19},"end":{"line":34,"column":92}},"21":{"start":{"line":35,"column":6},"end":{"line":35,"column":25}},"22":{"start":{"line":36,"column":6},"end":{"line":36,"column":54}},"23":{"start":{"line":38,"column":6},"end":{"line":38,"column":57}},"24":{"start":{"line":45,"column":2},"end":{"line":101,"column":5}},"25":{"start":{"line":46,"column":4},"end":{"line":100,"column":5}},"26":{"start":{"line":47,"column":100},"end":{"line":47,"column":104}},"27":{"start":{"line":49,"column":6},"end":{"line":52,"column":7}},"28":{"start":{"line":50,"column":8},"end":{"line":50,"column":91}},"29":{"start":{"line":51,"column":8},"end":{"line":51,"column":15}},"30":{"start":{"line":57,"column":6},"end":{"line":80,"column":7}},"31":{"start":{"line":58,"column":8},"end":{"line":65,"column":10}},"32":{"start":{"line":68,"column":8},"end":{"line":79,"column":9}},"33":{"start":{"line":70,"column":12},"end":{"line":70,"column":101}},"34":{"start":{"line":71,"column":12},"end":{"line":71,"column":18}},"35":{"start":{"line":73,"column":12},"end":{"line":73,"column":95}},"36":{"start":{"line":74,"column":12},"end":{"line":74,"column":18}},"37":{"start":{"line":77,"column":12},"end":{"line":77,"column":98}},"38":{"start":{"line":78,"column":12},"end":{"line":78,"column":18}},"39":{"start":{"line":83,"column":6},"end":{"line":83,"column":70}},"40":{"start":{"line":86,"column":6},"end":{"line":86,"column":85}},"41":{"start":{"line":89,"column":6},"end":{"line":89,"column":94}},"42":{"start":{"line":92,"column":6},"end":{"line":92,"column":65}},"43":{"start":{"line":95,"column":19},"end":{"line":95,"column":92}},"44":{"start":{"line":96,"column":6},"end":{"line":96,"column":70}},"45":{"start":{"line":98,"column":6},"end":{"line":98,"column":52}},"46":{"start":{"line":99,"column":6},"end":{"line":99,"column":66}},"47":{"start":{"line":106,"column":2},"end":{"line":141,"column":5}},"48":{"start":{"line":107,"column":4},"end":{"line":140,"column":5}},"49":{"start":{"line":108,"column":62},"end":{"line":108,"column":66}},"50":{"start":{"line":110,"column":6},"end":{"line":113,"column":7}},"51":{"start":{"line":111,"column":8},"end":{"line":111,"column":71}},"52":{"start":{"line":112,"column":8},"end":{"line":112,"column":15}},"53":{"start":{"line":116,"column":19},"end":{"line":116,"column":99}},"54":{"start":{"line":118,"column":6},"end":{"line":128,"column":7}},"55":{"start":{"line":120,"column":8},"end":{"line":124,"column":9}},"56":{"start":{"line":121,"column":10},"end":{"line":121,"column":100}},"57":{"start":{"line":123,"column":10},"end":{"line":123,"column":79}},"58":{"start":{"line":127,"column":8},"end":{"line":127,"column":90}},"59":{"start":{"line":130,"column":6},"end":{"line":136,"column":9}},"60":{"start":{"line":138,"column":6},"end":{"line":138,"column":56}},"61":{"start":{"line":139,"column":6},"end":{"line":139,"column":68}},"62":{"start":{"line":146,"column":2},"end":{"line":170,"column":5}},"63":{"start":{"line":147,"column":4},"end":{"line":169,"column":5}},"64":{"start":{"line":148,"column":58},"end":{"line":148,"column":62}},"65":{"start":{"line":150,"column":6},"end":{"line":153,"column":7}},"66":{"start":{"line":151,"column":8},"end":{"line":151,"column":83}},"67":{"start":{"line":152,"column":8},"end":{"line":152,"column":15}},"68":{"start":{"line":156,"column":6},"end":{"line":160,"column":7}},"69":{"start":{"line":157,"column":8},"end":{"line":157,"column":98}},"70":{"start":{"line":159,"column":8},"end":{"line":159,"column":77}},"71":{"start":{"line":162,"column":6},"end":{"line":165,"column":9}},"72":{"start":{"line":167,"column":6},"end":{"line":167,"column":55}},"73":{"start":{"line":168,"column":6},"end":{"line":168,"column":67}},"74":{"start":{"line":175,"column":2},"end":{"line":195,"column":5}},"75":{"start":{"line":176,"column":4},"end":{"line":194,"column":5}},"76":{"start":{"line":177,"column":51},"end":{"line":177,"column":55}},"77":{"start":{"line":179,"column":6},"end":{"line":182,"column":7}},"78":{"start":{"line":180,"column":8},"end":{"line":180,"column":83}},"79":{"start":{"line":181,"column":8},"end":{"line":181,"column":15}},"80":{"start":{"line":184,"column":21},"end":{"line":184,"column":95}},"81":{"start":{"line":186,"column":6},"end":{"line":190,"column":9}},"82":{"start":{"line":192,"column":6},"end":{"line":192,"column":64}},"83":{"start":{"line":193,"column":6},"end":{"line":193,"column":76}},"84":{"start":{"line":200,"column":2},"end":{"line":221,"column":5}},"85":{"start":{"line":201,"column":4},"end":{"line":220,"column":5}},"86":{"start":{"line":202,"column":50},"end":{"line":202,"column":54}},"87":{"start":{"line":204,"column":6},"end":{"line":207,"column":7}},"88":{"start":{"line":205,"column":8},"end":{"line":205,"column":71}},"89":{"start":{"line":206,"column":8},"end":{"line":206,"column":15}},"90":{"start":{"line":209,"column":19},"end":{"line":209,"column":77}},"91":{"start":{"line":211,"column":6},"end":{"line":216,"column":9}},"92":{"start":{"line":218,"column":6},"end":{"line":218,"column":62}},"93":{"start":{"line":219,"column":6},"end":{"line":219,"column":74}},"94":{"start":{"line":226,"column":2},"end":{"line":242,"column":5}},"95":{"start":{"line":227,"column":4},"end":{"line":241,"column":5}},"96":{"start":{"line":228,"column":50},"end":{"line":228,"column":54}},"97":{"start":{"line":230,"column":6},"end":{"line":233,"column":7}},"98":{"start":{"line":231,"column":8},"end":{"line":231,"column":71}},"99":{"start":{"line":232,"column":8},"end":{"line":232,"column":15}},"100":{"start":{"line":235,"column":20},"end":{"line":235,"column":92}},"101":{"start":{"line":237,"column":6},"end":{"line":237,"column":46}},"102":{"start":{"line":239,"column":6},"end":{"line":239,"column":63}},"103":{"start":{"line":240,"column":6},"end":{"line":240,"column":75}},"104":{"start":{"line":247,"column":2},"end":{"line":255,"column":5}},"105":{"start":{"line":248,"column":4},"end":{"line":254,"column":5}},"106":{"start":{"line":249,"column":20},"end":{"line":249,"column":54}},"107":{"start":{"line":250,"column":6},"end":{"line":250,"column":40}},"108":{"start":{"line":252,"column":6},"end":{"line":252,"column":57}},"109":{"start":{"line":253,"column":6},"end":{"line":253,"column":69}},"110":{"start":{"line":258,"column":0},"end":{"line":260,"column":2}}},"fnMap":{"0":{"name":"setupSocketHandlers","decl":{"start":{"line":7,"column":9},"end":{"line":7,"column":28}},"loc":{"start":{"line":7,"column":41},"end":{"line":256,"column":1}},"line":7},"1":{"name":"(anonymous_1)","decl":{"start":{"line":11,"column":32},"end":{"line":11,"column":33}},"loc":{"start":{"line":11,"column":48},"end":{"line":26,"column":3}},"line":11},"2":{"name":"(anonymous_2)","decl":{"start":{"line":31,"column":33},"end":{"line":31,"column":34}},"loc":{"start":{"line":31,"column":43},"end":{"line":40,"column":3}},"line":31},"3":{"name":"(anonymous_3)","decl":{"start":{"line":45,"column":28},"end":{"line":45,"column":29}},"loc":{"start":{"line":45,"column":44},"end":{"line":101,"column":3}},"line":45},"4":{"name":"(anonymous_4)","decl":{"start":{"line":106,"column":30},"end":{"line":106,"column":31}},"loc":{"start":{"line":106,"column":46},"end":{"line":141,"column":3}},"line":106},"5":{"name":"(anonymous_5)","decl":{"start":{"line":146,"column":29},"end":{"line":146,"column":30}},"loc":{"start":{"line":146,"column":45},"end":{"line":170,"column":3}},"line":146},"6":{"name":"(anonymous_6)","decl":{"start":{"line":175,"column":38},"end":{"line":175,"column":39}},"loc":{"start":{"line":175,"column":54},"end":{"line":195,"column":3}},"line":175},"7":{"name":"(anonymous_7)","decl":{"start":{"line":200,"column":36},"end":{"line":200,"column":37}},"loc":{"start":{"line":200,"column":52},"end":{"line":221,"column":3}},"line":200},"8":{"name":"(anonymous_8)","decl":{"start":{"line":226,"column":37},"end":{"line":226,"column":38}},"loc":{"start":{"line":226,"column":53},"end":{"line":242,"column":3}},"line":226},"9":{"name":"(anonymous_9)","decl":{"start":{"line":247,"column":31},"end":{"line":247,"column":32}},"loc":{"start":{"line":247,"column":47},"end":{"line":255,"column":3}},"line":247}},"branchMap":{"0":{"loc":{"start":{"line":14,"column":6},"end":{"line":17,"column":7}},"type":"if","locations":[{"start":{"line":14,"column":6},"end":{"line":17,"column":7}},{"start":{},"end":{}}],"line":14},"1":{"loc":{"start":{"line":18,"column":51},"end":{"line":18,"column":69}},"type":"binary-expr","locations":[{"start":{"line":18,"column":51},"end":{"line":18,"column":57}},{"start":{"line":18,"column":61},"end":{"line":18,"column":69}}],"line":18},"2":{"loc":{"start":{"line":18,"column":73},"end":{"line":18,"column":90}},"type":"binary-expr","locations":[{"start":{"line":18,"column":73},"end":{"line":18,"column":81}},{"start":{"line":18,"column":85},"end":{"line":18,"column":90}}],"line":18},"3":{"loc":{"start":{"line":34,"column":51},"end":{"line":34,"column":69}},"type":"binary-expr","locations":[{"start":{"line":34,"column":51},"end":{"line":34,"column":57}},{"start":{"line":34,"column":61},"end":{"line":34,"column":69}}],"line":34},"4":{"loc":{"start":{"line":34,"column":73},"end":{"line":34,"column":90}},"type":"binary-expr","locations":[{"start":{"line":34,"column":73},"end":{"line":34,"column":81}},{"start":{"line":34,"column":85},"end":{"line":34,"column":90}}],"line":34},"5":{"loc":{"start":{"line":47,"column":72},"end":{"line":47,"column":95}},"type":"default-arg","locations":[{"start":{"line":47,"column":79},"end":{"line":47,"column":95}}],"line":47},"6":{"loc":{"start":{"line":49,"column":6},"end":{"line":52,"column":7}},"type":"if","locations":[{"start":{"line":49,"column":6},"end":{"line":52,"column":7}},{"start":{},"end":{}}],"line":49},"7":{"loc":{"start":{"line":49,"column":10},"end":{"line":49,"column":58}},"type":"binary-expr","locations":[{"start":{"line":49,"column":10},"end":{"line":49,"column":24}},{"start":{"line":49,"column":28},"end":{"line":49,"column":35}},{"start":{"line":49,"column":39},"end":{"line":49,"column":58}}],"line":49},"8":{"loc":{"start":{"line":57,"column":6},"end":{"line":80,"column":7}},"type":"if","locations":[{"start":{"line":57,"column":6},"end":{"line":80,"column":7}},{"start":{"line":66,"column":13},"end":{"line":80,"column":7}}],"line":57},"9":{"loc":{"start":{"line":57,"column":10},"end":{"line":57,"column":28}},"type":"binary-expr","locations":[{"start":{"line":57,"column":10},"end":{"line":57,"column":16}},{"start":{"line":57,"column":20},"end":{"line":57,"column":28}}],"line":57},"10":{"loc":{"start":{"line":68,"column":8},"end":{"line":79,"column":9}},"type":"switch","locations":[{"start":{"line":69,"column":10},"end":{"line":71,"column":18}},{"start":{"line":72,"column":10},"end":{"line":74,"column":18}},{"start":{"line":75,"column":10},"end":{"line":75,"column":32}},{"start":{"line":76,"column":10},"end":{"line":78,"column":18}}],"line":68},"11":{"loc":{"start":{"line":95,"column":51},"end":{"line":95,"column":69}},"type":"binary-expr","locations":[{"start":{"line":95,"column":51},"end":{"line":95,"column":57}},{"start":{"line":95,"column":61},"end":{"line":95,"column":69}}],"line":95},"12":{"loc":{"start":{"line":95,"column":73},"end":{"line":95,"column":90}},"type":"binary-expr","locations":[{"start":{"line":95,"column":73},"end":{"line":95,"column":81}},{"start":{"line":95,"column":85},"end":{"line":95,"column":90}}],"line":95},"13":{"loc":{"start":{"line":108,"column":29},"end":{"line":108,"column":39}},"type":"default-arg","locations":[{"start":{"line":108,"column":37},"end":{"line":108,"column":39}}],"line":108},"14":{"loc":{"start":{"line":110,"column":6},"end":{"line":113,"column":7}},"type":"if","locations":[{"start":{"line":110,"column":6},"end":{"line":113,"column":7}},{"start":{},"end":{}}],"line":110},"15":{"loc":{"start":{"line":118,"column":6},"end":{"line":128,"column":7}},"type":"if","locations":[{"start":{"line":118,"column":6},"end":{"line":128,"column":7}},{"start":{},"end":{}}],"line":118},"16":{"loc":{"start":{"line":120,"column":8},"end":{"line":124,"column":9}},"type":"if","locations":[{"start":{"line":120,"column":8},"end":{"line":124,"column":9}},{"start":{"line":122,"column":15},"end":{"line":124,"column":9}}],"line":120},"17":{"loc":{"start":{"line":120,"column":12},"end":{"line":120,"column":30}},"type":"binary-expr","locations":[{"start":{"line":120,"column":12},"end":{"line":120,"column":18}},{"start":{"line":120,"column":22},"end":{"line":120,"column":30}}],"line":120},"18":{"loc":{"start":{"line":150,"column":6},"end":{"line":153,"column":7}},"type":"if","locations":[{"start":{"line":150,"column":6},"end":{"line":153,"column":7}},{"start":{},"end":{}}],"line":150},"19":{"loc":{"start":{"line":150,"column":10},"end":{"line":150,"column":35}},"type":"binary-expr","locations":[{"start":{"line":150,"column":10},"end":{"line":150,"column":24}},{"start":{"line":150,"column":28},"end":{"line":150,"column":35}}],"line":150},"20":{"loc":{"start":{"line":156,"column":6},"end":{"line":160,"column":7}},"type":"if","locations":[{"start":{"line":156,"column":6},"end":{"line":160,"column":7}},{"start":{"line":158,"column":13},"end":{"line":160,"column":7}}],"line":156},"21":{"loc":{"start":{"line":156,"column":10},"end":{"line":156,"column":28}},"type":"binary-expr","locations":[{"start":{"line":156,"column":10},"end":{"line":156,"column":16}},{"start":{"line":156,"column":20},"end":{"line":156,"column":28}}],"line":156},"22":{"loc":{"start":{"line":177,"column":37},"end":{"line":177,"column":46}},"type":"default-arg","locations":[{"start":{"line":177,"column":45},"end":{"line":177,"column":46}}],"line":177},"23":{"loc":{"start":{"line":179,"column":6},"end":{"line":182,"column":7}},"type":"if","locations":[{"start":{"line":179,"column":6},"end":{"line":182,"column":7}},{"start":{},"end":{}}],"line":179},"24":{"loc":{"start":{"line":179,"column":10},"end":{"line":179,"column":35}},"type":"binary-expr","locations":[{"start":{"line":179,"column":10},"end":{"line":179,"column":24}},{"start":{"line":179,"column":28},"end":{"line":179,"column":35}}],"line":179},"25":{"loc":{"start":{"line":204,"column":6},"end":{"line":207,"column":7}},"type":"if","locations":[{"start":{"line":204,"column":6},"end":{"line":207,"column":7}},{"start":{},"end":{}}],"line":204},"26":{"loc":{"start":{"line":230,"column":6},"end":{"line":233,"column":7}},"type":"if","locations":[{"start":{"line":230,"column":6},"end":{"line":233,"column":7}},{"start":{},"end":{}}],"line":230}},"s":{"0":1,"1":1,"2":1,"3":1,"4":1,"5":1,"6":2,"7":2,"8":2,"9":1,"10":1,"11":1,"12":1,"13":1,"14":1,"15":0,"16":0,"17":1,"18":0,"19":0,"20":0,"21":0,"22":0,"23":0,"24":1,"25":0,"26":0,"27":0,"28":0,"29":0,"30":0,"31":0,"32":0,"33":0,"34":0,"35":0,"36":0,"37":0,"38":0,"39":0,"40":0,"41":0,"42":0,"43":0,"44":0,"45":0,"46":0,"47":1,"48":0,"49":0,"50":0,"51":0,"52":0,"53":0,"54":0,"55":0,"56":0,"57":0,"58":0,"59":0,"60":0,"61":0,"62":1,"63":0,"64":0,"65":0,"66":0,"67":0,"68":0,"69":0,"70":0,"71":0,"72":0,"73":0,"74":1,"75":0,"76":0,"77":0,"78":0,"79":0,"80":0,"81":0,"82":0,"83":0,"84":1,"85":0,"86":0,"87":0,"88":0,"89":0,"90":0,"91":0,"92":0,"93":0,"94":1,"95":0,"96":0,"97":0,"98":0,"99":0,"100":0,"101":0,"102":0,"103":0,"104":1,"105":0,"106":0,"107":0,"108":0,"109":0,"110":1},"f":{"0":1,"1":2,"2":0,"3":0,"4":0,"5":0,"6":0,"7":0,"8":0,"9":0},"b":{"0":[1,1],"1":[1,1],"2":[1,1],"3":[0,0],"4":[0,0],"5":[0],"6":[0,0],"7":[0,0,0],"8":[0,0],"9":[0,0],"10":[0,0,0,0],"11":[0,0],"12":[0,0],"13":[0],"14":[0,0],"15":[0,0],"16":[0,0],"17":[0,0],"18":[0,0],"19":[0,0],"20":[0,0],"21":[0,0],"22":[0],"23":[0,0],"24":[0,0],"25":[0,0],"26":[0,0]},"_coverageSchema":"1a1c01bbd47fc00a2c39e90264f33305004495a9","hash":"e072b90940916fd0c964f25bc4f5bfdc2d2b798e"}
,"D:\\real-time-leaderboard\\src\\utils\\keyBuilder.js": {"path":"D:\\real-time-leaderboard\\src\\utils\\keyBuilder.js","statementMap":{"0":{"start":{"line":2,"column":2},"end":{"line":2,"column":40}},"1":{"start":{"line":6,"column":2},"end":{"line":6,"column":48}},"2":{"start":{"line":10,"column":15},"end":{"line":10,"column":33}},"3":{"start":{"line":11,"column":16},"end":{"line":11,"column":60}},"4":{"start":{"line":12,"column":14},"end":{"line":12,"column":53}},"5":{"start":{"line":13,"column":2},"end":{"line":23,"column":3}},"6":{"start":{"line":15,"column":6},"end":{"line":15,"column":57}},"7":{"start":{"line":17,"column":19},"end":{"line":17,"column":38}},"8":{"start":{"line":18,"column":6},"end":{"line":18,"column":51}},"9":{"start":{"line":20,"column":6},"end":{"line":20,"column":52}},"10":{"start":{"line":22,"column":6},"end":{"line":22,"column":39}},"11":{"start":{"line":27,"column":12},"end":{"line":27,"column":83}},"12":{"start":{"line":28,"column":17},"end":{"line":28,"column":35}},"13":{"start":{"line":29,"column":2},"end":{"line":29,"column":44}},"14":{"start":{"line":30,"column":20},"end":{"line":30,"column":64}},"15":{"start":{"line":31,"column":17},"end":{"line":31,"column":64}},"16":{"start":{"line":32,"column":2},"end":{"line":32,"column":41}},"17":{"start":{"line":35,"column":0},"end":{"line":35,"column":95}}},"fnMap":{"0":{"name":"buildLeaderboardKey","decl":{"start":{"line":1,"column":9},"end":{"line":1,"column":28}},"loc":{"start":{"line":1,"column":44},"end":{"line":3,"column":1}},"line":1},"1":{"name":"buildPubSubChannel","decl":{"start":{"line":5,"column":9},"end":{"line":5,"column":27}},"loc":{"start":{"line":5,"column":43},"end":{"line":7,"column":1}},"line":5},"2":{"name":"buildDateBasedKey","decl":{"start":{"line":9,"column":9},"end":{"line":9,"column":26}},"loc":{"start":{"line":9,"column":52},"end":{"line":24,"column":1}},"line":9},"3":{"name":"getWeekNumber","decl":{"start":{"line":26,"column":9},"end":{"line":26,"column":22}},"loc":{"start":{"line":26,"column":29},"end":{"line":33,"column":1}},"line":26}},"branchMap":{"0":{"loc":{"start":{"line":9,"column":33},"end":{"line":9,"column":50}},"type":"default-arg","locations":[{"start":{"line":9,"column":40},"end":{"line":9,"column":50}}],"line":9},"1":{"loc":{"start":{"line":13,"column":2},"end":{"line":23,"column":3}},"type":"switch","locations":[{"start":{"line":14,"column":4},"end":{"line":15,"column":57}},{"start":{"line":16,"column":4},"end":{"line":18,"column":51}},{"start":{"line":19,"column":4},"end":{"line":20,"column":52}},{"start":{"line":21,"column":4},"end":{"line":22,"column":39}}],"line":13},"2":{"loc":{"start":{"line":28,"column":17},"end":{"line":28,"column":35}},"type":"binary-expr","locations":[{"start":{"line":28,"column":17},"end":{"line":28,"column":30}},{"start":{"line":28,"column":34},"end":{"line":28,"column":35}}],"line":28}},"s":{"0":3,"1":2,"2":3,"3":3,"4":3,"5":3,"6":1,"7":1,"8":1,"9":1,"10":0,"11":2,"12":2,"13":2,"14":2,"15":2,"16":2,"17":2},"f":{"0":3,"1":2,"2":3,"3":2},"b":{"0":[0],"1":[1,1,1,0],"2":[2,0]},"_coverageSchema":"1a1c01bbd47fc00a2c39e90264f33305004495a9","hash":"122f1ebf5daec58b6fc0078d6e3613f941fc6ced"}
,"D:\\real-time-leaderboard\\src\\utils\\luaScripts.js": {"path":"D:\\real-time-leaderboard\\src\\utils\\luaScripts.js","statementMap":{"0":{"start":{"line":1,"column":27},"end":{"line":14,"column":1}},"1":{"start":{"line":16,"column":29},"end":{"line":23,"column":1}},"2":{"start":{"line":25,"column":23},"end":{"line":32,"column":1}},"3":{"start":{"line":34,"column":34},"end":{"line":41,"column":1}},"4":{"start":{"line":43,"column":0},"end":{"line":43,"column":105}}},"fnMap":{},"branchMap":{},"s":{"0":2,"1":2,"2":2,"3":2,"4":2},"f":{},"b":{},"_coverageSchema":"1a1c01bbd47fc00a2c39e90264f33305004495a9","hash":"47bcfd797d7551e2e9c230fe66b693e89008ae6e"}
}
