TN:
SF:src\config\env.js
FNF:0
FNH:0
DA:1,1
DA:3,1
LF:2
LH:2
BRDA:4,0,0,1
BRDA:4,0,1,0
BRDA:5,1,0,1
BRDA:5,1,1,0
BRDA:6,2,0,1
BRDA:6,2,1,0
BRDA:7,3,0,1
BRDA:7,3,1,0
BRDA:8,4,0,1
BRDA:8,4,1,1
BRDA:9,5,0,1
BRDA:9,5,1,0
BRDA:10,6,0,1
BRDA:10,6,1,0
BRDA:11,7,0,1
BRDA:11,7,1,0
BRDA:12,8,0,1
BRDA:12,8,1,0
BRDA:13,9,0,1
BRDA:13,9,1,0
BRDA:14,10,0,1
BRDA:14,10,1,0
BRDA:15,11,0,1
BRDA:15,11,1,0
BRDA:17,12,0,1
BRDA:17,12,1,0
BRF:26
BRH:14
end_of_record
TN:
SF:src\config\mongo.js
FN:8,connectMongo
FN:21,getMongoClient
FN:26,getDb
FN:31,getScoresCollection
FNF:4
FNH:0
FNDA:0,connectMongo
FNDA:0,getMongoClient
FNDA:0,getDb
FNDA:0,getScoresCollection
DA:1,1
DA:2,1
DA:4,1
DA:5,1
DA:6,1
DA:9,0
DA:10,0
DA:11,0
DA:12,0
DA:14,0
DA:15,0
DA:16,0
DA:18,0
DA:22,0
DA:23,0
DA:27,0
DA:28,0
DA:32,0
DA:33,0
DA:36,1
LF:20
LH:6
BRDA:22,0,0,0
BRDA:22,0,1,0
BRDA:27,1,0,0
BRDA:27,1,1,0
BRDA:32,2,0,0
BRDA:32,2,1,0
BRF:6
BRH:0
end_of_record
TN:
SF:src\config\redis.js
FN:8,createRedisClient
FN:14,(anonymous_1)
FN:21,connectRedis
FN:26,(anonymous_3)
FN:27,(anonymous_4)
FN:28,(anonymous_5)
FN:37,getRedisClient
FN:42,getRedisPubClient
FN:47,getRedisSubClient
FNF:9
FNH:0
FNDA:0,createRedisClient
FNDA:0,(anonymous_1)
FNDA:0,connectRedis
FNDA:0,(anonymous_3)
FNDA:0,(anonymous_4)
FNDA:0,(anonymous_5)
FNDA:0,getRedisClient
FNDA:0,getRedisPubClient
FNDA:0,getRedisSubClient
DA:1,1
DA:2,1
DA:4,1
DA:5,1
DA:6,1
DA:9,0
DA:15,0
DA:16,0
DA:22,0
DA:23,0
DA:24,0
DA:26,0
DA:27,0
DA:28,0
DA:30,0
DA:31,0
DA:32,0
DA:34,0
DA:38,0
DA:39,0
DA:43,0
DA:44,0
DA:48,0
DA:49,0
DA:52,1
LF:25
LH:6
BRDA:12,0,0,0
BRDA:12,0,1,0
BRDA:38,1,0,0
BRDA:38,1,1,0
BRDA:43,2,0,0
BRDA:43,2,1,0
BRDA:48,3,0,0
BRDA:48,3,1,0
BRF:8
BRH:0
end_of_record
TN:
SF:src\services\cacheService.js
FN:9,getTopScoresFromCache
FN:25,cacheTopScores
FN:36,invalidateLeaderboardCache
FN:50,buildCacheKey
FN:61,buildCacheKeyPattern
FN:72,getCacheStats
FNF:6
FNH:0
FNDA:0,getTopScoresFromCache
FNDA:0,cacheTopScores
FNDA:0,invalidateLeaderboardCache
FNDA:0,buildCacheKey
FNDA:0,buildCacheKeyPattern
FNDA:0,getCacheStats
DA:1,1
DA:3,1
DA:4,1
DA:10,0
DA:11,0
DA:13,0
DA:14,0
DA:15,0
DA:16,0
DA:19,0
DA:26,0
DA:27,0
DA:29,0
DA:30,0
DA:37,0
DA:38,0
DA:40,0
DA:41,0
DA:42,0
DA:43,0
DA:51,0
DA:52,0
DA:53,0
DA:54,0
DA:55,0
DA:62,0
DA:63,0
DA:64,0
DA:65,0
DA:66,0
DA:73,0
DA:74,0
DA:75,0
DA:81,1
LF:34
LH:4
BRDA:9,0,0,0
BRDA:9,1,0,0
BRDA:9,2,0,0
BRDA:14,3,0,0
BRDA:14,3,1,0
BRDA:25,4,0,0
BRDA:25,5,0,0
BRDA:25,6,0,0
BRDA:36,7,0,0
BRDA:36,8,0,0
BRDA:41,9,0,0
BRDA:41,9,1,0
BRDA:50,10,0,0
BRDA:50,11,0,0
BRDA:50,12,0,0
BRDA:52,13,0,0
BRDA:52,13,1,0
BRDA:53,14,0,0
BRDA:53,14,1,0
BRDA:54,15,0,0
BRDA:54,15,1,0
BRDA:61,16,0,0
BRDA:61,17,0,0
BRDA:63,18,0,0
BRDA:63,18,1,0
BRDA:64,19,0,0
BRDA:64,19,1,0
BRF:27
BRH:0
end_of_record
TN:
SF:src\services\filterService.js
FN:6,buildFilteredKey
FN:16,getTopScoresFiltered
FN:39,getUserRankFiltered
FN:59,updateScoreFiltered
FN:99,getLeaderboardStats
FNF:5
FNH:0
FNDA:0,buildFilteredKey
FNDA:0,getTopScoresFiltered
FNDA:0,getUserRankFiltered
FNDA:0,updateScoreFiltered
FNDA:0,getLeaderboardStats
DA:1,1
DA:7,0
DA:8,0
DA:9,0
DA:10,0
DA:17,0
DA:18,0
DA:20,0
DA:21,0
DA:23,0
DA:24,0
DA:33,0
DA:40,0
DA:41,0
DA:43,0
DA:44,0
DA:46,0
DA:47,0
DA:60,0
DA:63,0
DA:64,0
DA:67,0
DA:68,0
DA:69,0
DA:73,0
DA:74,0
DA:75,0
DA:79,0
DA:80,0
DA:81,0
DA:84,0
DA:86,0
DA:100,0
DA:101,0
DA:103,0
DA:104,0
DA:105,0
DA:107,0
DA:117,1
LF:39
LH:2
BRDA:6,0,0,0
BRDA:6,1,0,0
BRDA:8,2,0,0
BRDA:8,2,1,0
BRDA:9,3,0,0
BRDA:9,3,1,0
BRDA:16,4,0,0
BRDA:16,5,0,0
BRDA:16,6,0,0
BRDA:39,7,0,0
BRDA:39,8,0,0
BRDA:44,9,0,0
BRDA:44,9,1,0
BRDA:59,10,0,0
BRDA:59,11,0,0
BRDA:59,12,0,0
BRDA:67,13,0,0
BRDA:67,13,1,0
BRDA:73,14,0,0
BRDA:73,14,1,0
BRDA:79,15,0,0
BRDA:79,15,1,0
BRDA:79,16,0,0
BRDA:79,16,1,0
BRDA:99,17,0,0
BRDA:99,18,0,0
BRDA:109,19,0,0
BRDA:109,19,1,0
BRDA:110,20,0,0
BRDA:110,20,1,0
BRF:30
BRH:0
end_of_record
TN:
SF:src\services\leaderboardService.js
FN:5,updateScore
FN:13,incrementScore
FN:21,setScore
FN:29,getTopScores
FN:40,getUserRank
FN:49,getScoresAroundUser
FN:64,getLeaderboardSize
FN:70,removeUser
FN:76,clearLeaderboard
FNF:9
FNH:0
FNDA:0,updateScore
FNDA:0,incrementScore
FNDA:0,setScore
FNDA:0,getTopScores
FNDA:0,getUserRank
FNDA:0,getScoresAroundUser
FNDA:0,getLeaderboardSize
FNDA:0,removeUser
FNDA:0,clearLeaderboard
DA:1,1
DA:2,1
DA:3,1
DA:6,0
DA:7,0
DA:8,0
DA:9,0
DA:10,0
DA:14,0
DA:15,0
DA:16,0
DA:17,0
DA:18,0
DA:22,0
DA:23,0
DA:24,0
DA:25,0
DA:26,0
DA:30,0
DA:31,0
DA:32,0
DA:33,0
DA:34,0
DA:35,0
DA:37,0
DA:41,0
DA:42,0
DA:43,0
DA:44,0
DA:45,0
DA:46,0
DA:50,0
DA:51,0
DA:52,0
DA:53,0
DA:54,0
DA:55,0
DA:56,0
DA:57,0
DA:58,0
DA:59,0
DA:61,0
DA:65,0
DA:66,0
DA:67,0
DA:71,0
DA:72,0
DA:73,0
DA:77,0
DA:78,0
DA:79,0
DA:82,1
LF:52
LH:4
BRDA:5,0,0,0
BRDA:13,1,0,0
BRDA:21,2,0,0
BRDA:29,3,0,0
BRDA:44,4,0,0
BRDA:44,4,1,0
BRDA:49,5,0,0
BRDA:53,6,0,0
BRDA:53,6,1,0
BRF:9
BRH:0
end_of_record
TN:
SF:src\services\persistenceService.js
FN:7,queueScoreUpdate
FN:15,flushQueue
FN:21,(anonymous_2)
FN:37,(anonymous_3)
FN:41,startBatchProcessor
FN:43,(anonymous_5)
FN:47,stopBatchProcessor
FN:56,getPersistedScore
FN:61,getPersistedTopScores
FNF:9
FNH:0
FNDA:0,queueScoreUpdate
FNDA:0,flushQueue
FNDA:0,(anonymous_2)
FNDA:0,(anonymous_3)
FNDA:0,startBatchProcessor
FNDA:0,(anonymous_5)
FNDA:0,stopBatchProcessor
FNDA:0,getPersistedScore
FNDA:0,getPersistedTopScores
DA:1,1
DA:2,1
DA:4,1
DA:5,1
DA:8,0
DA:9,0
DA:10,0
DA:11,0
DA:16,0
DA:17,0
DA:18,0
DA:19,0
DA:20,0
DA:21,0
DA:31,0
DA:32,0
DA:33,0
DA:36,0
DA:37,0
DA:42,0
DA:43,0
DA:44,0
DA:48,0
DA:49,0
DA:50,0
DA:52,0
DA:53,0
DA:57,0
DA:58,0
DA:62,0
DA:63,0
DA:66,1
LF:32
LH:5
BRDA:7,0,0,0
BRDA:10,1,0,0
BRDA:10,1,1,0
BRDA:16,2,0,0
BRDA:16,2,1,0
BRDA:31,3,0,0
BRDA:31,3,1,0
BRDA:42,4,0,0
BRDA:42,4,1,0
BRDA:48,5,0,0
BRDA:48,5,1,0
BRDA:61,6,0,0
BRF:12
BRH:0
end_of_record
TN:
SF:src\services\pubsubService.js
FN:4,publishScoreUpdate
FN:10,subscribeToPubSub
FN:13,(anonymous_2)
FN:25,publishLeaderboardReset
FNF:4
FNH:0
FNDA:0,publishScoreUpdate
FNDA:0,subscribeToPubSub
FNDA:0,(anonymous_2)
FNDA:0,publishLeaderboardReset
DA:1,1
DA:2,1
DA:5,0
DA:6,0
DA:7,0
DA:11,0
DA:12,0
DA:13,0
DA:14,0
DA:15,0
DA:16,0
DA:17,0
DA:19,0
DA:22,0
DA:26,0
DA:27,0
DA:28,0
DA:31,1
LF:18
LH:3
BRF:0
BRH:0
end_of_record
TN:
SF:src\socket\socketHandlers.js
FN:7,setupSocketHandlers
FN:11,(anonymous_1)
FN:31,(anonymous_2)
FN:45,(anonymous_3)
FN:106,(anonymous_4)
FN:146,(anonymous_5)
FN:175,(anonymous_6)
FN:200,(anonymous_7)
FN:226,(anonymous_8)
FN:247,(anonymous_9)
FNF:10
FNH:2
FNDA:1,setupSocketHandlers
FNDA:2,(anonymous_1)
FNDA:0,(anonymous_2)
FNDA:0,(anonymous_3)
FNDA:0,(anonymous_4)
FNDA:0,(anonymous_5)
FNDA:0,(anonymous_6)
FNDA:0,(anonymous_7)
FNDA:0,(anonymous_8)
FNDA:0,(anonymous_9)
DA:1,1
DA:2,1
DA:3,1
DA:4,1
DA:5,1
DA:11,1
DA:12,2
DA:13,2
DA:14,2
DA:15,1
DA:16,1
DA:18,1
DA:19,1
DA:20,1
DA:21,1
DA:23,0
DA:24,0
DA:31,1
DA:32,0
DA:33,0
DA:34,0
DA:35,0
DA:36,0
DA:38,0
DA:45,1
DA:46,0
DA:47,0
DA:49,0
DA:50,0
DA:51,0
DA:57,0
DA:58,0
DA:68,0
DA:70,0
DA:71,0
DA:73,0
DA:74,0
DA:77,0
DA:78,0
DA:83,0
DA:86,0
DA:89,0
DA:92,0
DA:95,0
DA:96,0
DA:98,0
DA:99,0
DA:106,1
DA:107,0
DA:108,0
DA:110,0
DA:111,0
DA:112,0
DA:116,0
DA:118,0
DA:120,0
DA:121,0
DA:123,0
DA:127,0
DA:130,0
DA:138,0
DA:139,0
DA:146,1
DA:147,0
DA:148,0
DA:150,0
DA:151,0
DA:152,0
DA:156,0
DA:157,0
DA:159,0
DA:162,0
DA:167,0
DA:168,0
DA:175,1
DA:176,0
DA:177,0
DA:179,0
DA:180,0
DA:181,0
DA:184,0
DA:186,0
DA:192,0
DA:193,0
DA:200,1
DA:201,0
DA:202,0
DA:204,0
DA:205,0
DA:206,0
DA:209,0
DA:211,0
DA:218,0
DA:219,0
DA:226,1
DA:227,0
DA:228,0
DA:230,0
DA:231,0
DA:232,0
DA:235,0
DA:237,0
DA:239,0
DA:240,0
DA:247,1
DA:248,0
DA:249,0
DA:250,0
DA:252,0
DA:253,0
DA:258,1
LF:111
LH:24
BRDA:14,0,0,1
BRDA:14,0,1,1
BRDA:18,1,0,1
BRDA:18,1,1,1
BRDA:18,2,0,1
BRDA:18,2,1,1
BRDA:34,3,0,0
BRDA:34,3,1,0
BRDA:34,4,0,0
BRDA:34,4,1,0
BRDA:47,5,0,0
BRDA:49,6,0,0
BRDA:49,6,1,0
BRDA:49,7,0,0
BRDA:49,7,1,0
BRDA:49,7,2,0
BRDA:57,8,0,0
BRDA:57,8,1,0
BRDA:57,9,0,0
BRDA:57,9,1,0
BRDA:68,10,0,0
BRDA:68,10,1,0
BRDA:68,10,2,0
BRDA:68,10,3,0
BRDA:95,11,0,0
BRDA:95,11,1,0
BRDA:95,12,0,0
BRDA:95,12,1,0
BRDA:108,13,0,0
BRDA:110,14,0,0
BRDA:110,14,1,0
BRDA:118,15,0,0
BRDA:118,15,1,0
BRDA:120,16,0,0
BRDA:120,16,1,0
BRDA:120,17,0,0
BRDA:120,17,1,0
BRDA:150,18,0,0
BRDA:150,18,1,0
BRDA:150,19,0,0
BRDA:150,19,1,0
BRDA:156,20,0,0
BRDA:156,20,1,0
BRDA:156,21,0,0
BRDA:156,21,1,0
BRDA:177,22,0,0
BRDA:179,23,0,0
BRDA:179,23,1,0
BRDA:179,24,0,0
BRDA:179,24,1,0
BRDA:204,25,0,0
BRDA:204,25,1,0
BRDA:230,26,0,0
BRDA:230,26,1,0
BRF:54
BRH:6
end_of_record
TN:
SF:src\utils\keyBuilder.js
FN:1,buildLeaderboardKey
FN:5,buildPubSubChannel
FN:9,buildDateBasedKey
FN:26,getWeekNumber
FNF:4
FNH:4
FNDA:3,buildLeaderboardKey
FNDA:2,buildPubSubChannel
FNDA:3,buildDateBasedKey
FNDA:2,getWeekNumber
DA:2,3
DA:6,2
DA:10,3
DA:11,3
DA:12,3
DA:13,3
DA:15,1
DA:17,1
DA:18,1
DA:20,1
DA:22,0
DA:27,2
DA:28,2
DA:29,2
DA:30,2
DA:31,2
DA:32,2
DA:35,2
LF:18
LH:17
BRDA:9,0,0,0
BRDA:13,1,0,1
BRDA:13,1,1,1
BRDA:13,1,2,1
BRDA:13,1,3,0
BRDA:28,2,0,2
BRDA:28,2,1,0
BRF:7
BRH:4
end_of_record
TN:
SF:src\utils\luaScripts.js
FNF:0
FNH:0
DA:1,2
DA:16,2
DA:25,2
DA:34,2
DA:43,2
LF:5
LH:5
BRF:0
BRH:0
end_of_record
